2022-07-19 09:22:23.809  INFO 6220 --- [restartedMain] c.s.v.VendorPortalApplication            : Starting VendorPortalApplication using Java 16.0.2 on DESKTOP-QOEUFNO with PID 6220 (C:\Users\ASUS\Desktop\VendorPortalFront\vendorportal\target\classes started by ASUS in C:\Users\ASUS\Desktop\VendorPortalFront\vendorportal)
2022-07-19 09:22:23.815  INFO 6220 --- [restartedMain] c.s.v.VendorPortalApplication            : No active profile set, falling back to 1 default profile: "default"
2022-07-19 09:22:23.889  INFO 6220 --- [restartedMain] .e.DevToolsPropertyDefaultsPostProcessor : Devtools property defaults active! Set 'spring.devtools.add-properties' to 'false' to disable
2022-07-19 09:22:23.889  INFO 6220 --- [restartedMain] .e.DevToolsPropertyDefaultsPostProcessor : For additional web related logging consider setting the 'logging.level.web' property to 'DEBUG'
2022-07-19 09:22:25.022  INFO 6220 --- [restartedMain] .s.d.r.c.RepositoryConfigurationDelegate : Bootstrapping Spring Data JPA repositories in DEFAULT mode.
2022-07-19 09:22:25.305  INFO 6220 --- [restartedMain] .s.d.r.c.RepositoryConfigurationDelegate : Finished Spring Data repository scanning in 269 ms. Found 12 JPA repository interfaces.
2022-07-19 09:22:26.665  INFO 6220 --- [restartedMain] o.s.b.w.embedded.tomcat.TomcatWebServer  : Tomcat initialized with port(s): 8080 (http)
2022-07-19 09:22:26.680  INFO 6220 --- [restartedMain] o.apache.catalina.core.StandardService   : Starting service [Tomcat]
2022-07-19 09:22:26.682  INFO 6220 --- [restartedMain] org.apache.catalina.core.StandardEngine  : Starting Servlet engine: [Apache Tomcat/9.0.58]
2022-07-19 09:22:26.840  INFO 6220 --- [restartedMain] o.a.c.c.C.[Tomcat].[localhost].[/]       : Initializing Spring embedded WebApplicationContext
2022-07-19 09:22:26.841  INFO 6220 --- [restartedMain] w.s.c.ServletWebServerApplicationContext : Root WebApplicationContext: initialization completed in 2950 ms
2022-07-19 09:22:26.966  WARN 6220 --- [restartedMain] JpaBaseConfiguration$JpaWebConfiguration : spring.jpa.open-in-view is enabled by default. Therefore, database queries may be performed during view rendering. Explicitly configure spring.jpa.open-in-view to disable this warning
2022-07-19 09:22:27.144  INFO 6220 --- [restartedMain] o.hibernate.jpa.internal.util.LogHelper  : HHH000204: Processing PersistenceUnitInfo [name: default]
2022-07-19 09:22:27.230  INFO 6220 --- [restartedMain] org.hibernate.Version                    : HHH000412: Hibernate ORM core version 5.6.5.Final
2022-07-19 09:22:27.503  INFO 6220 --- [restartedMain] o.hibernate.annotations.common.Version   : HCANN000001: Hibernate Commons Annotations {5.1.2.Final}
2022-07-19 09:22:27.669  INFO 6220 --- [restartedMain] com.zaxxer.hikari.HikariDataSource       : HikariPool-1 - Starting...
2022-07-19 09:22:27.897  INFO 6220 --- [restartedMain] com.zaxxer.hikari.HikariDataSource       : HikariPool-1 - Start completed.
2022-07-19 09:22:27.919  INFO 6220 --- [restartedMain] org.hibernate.dialect.Dialect            : HHH000400: Using dialect: org.hibernate.dialect.MySQL5InnoDBDialect
2022-07-19 09:22:28.757  INFO 6220 --- [restartedMain] org.hibernate.tuple.PojoInstantiator     : HHH000182: No default (no-argument) constructor for class: com.smartech.vendorportal.entities.ClientReference (class must be instantiated by Interceptor)
2022-07-19 09:22:28.788  INFO 6220 --- [restartedMain] org.hibernate.tuple.PojoInstantiator     : HHH000182: No default (no-argument) constructor for class: com.smartech.vendorportal.entities.Commoditie (class must be instantiated by Interceptor)
2022-07-19 09:22:28.835  INFO 6220 --- [restartedMain] org.hibernate.tuple.PojoInstantiator     : HHH000182: No default (no-argument) constructor for class: com.smartech.vendorportal.entities.Attachement (class must be instantiated by Interceptor)
2022-07-19 09:22:28.892  INFO 6220 --- [restartedMain] org.hibernate.tuple.PojoInstantiator     : HHH000182: No default (no-argument) constructor for class: com.smartech.vendorportal.entities.VendorCommodities (class must be instantiated by Interceptor)
2022-07-19 09:22:29.378  INFO 6220 --- [restartedMain] o.h.e.t.j.p.i.JtaPlatformInitiator       : HHH000490: Using JtaPlatform implementation: [org.hibernate.engine.transaction.jta.platform.internal.NoJtaPlatform]
2022-07-19 09:22:29.390  INFO 6220 --- [restartedMain] j.LocalContainerEntityManagerFactoryBean : Initialized JPA EntityManagerFactory for persistence unit 'default'
2022-07-19 09:22:30.290  INFO 6220 --- [restartedMain] c.s.vendorportal.aspect.LoggingConfig    : executing execution(AuthTokenFilter com.smartech.vendorportal.utils.WebSecurityConfig.authenticationJwtTokenFilter())
2022-07-19 09:22:30.311  INFO 6220 --- [restartedMain] c.s.vendorportal.aspect.LoggingConfig    : Complete execution of execution(AuthTokenFilter com.smartech.vendorportal.utils.WebSecurityConfig.authenticationJwtTokenFilter())
2022-07-19 09:22:30.449  INFO 6220 --- [restartedMain] c.s.vendorportal.aspect.LoggingConfig    : executing execution(JavaMailSender com.smartech.vendorportal.utils.MailConfig.getJavaMailSender())
2022-07-19 09:22:30.462  INFO 6220 --- [restartedMain] c.s.vendorportal.aspect.LoggingConfig    : Complete execution of execution(JavaMailSender com.smartech.vendorportal.utils.MailConfig.getJavaMailSender())
2022-07-19 09:22:30.633  INFO 6220 --- [restartedMain] c.s.vendorportal.aspect.LoggingConfig    : executing execution(AuthenticationManager com.smartech.vendorportal.utils.WebSecurityConfig.authenticationManagerBean())
2022-07-19 09:22:30.634  INFO 6220 --- [restartedMain] c.s.vendorportal.aspect.LoggingConfig    : Complete execution of execution(AuthenticationManager com.smartech.vendorportal.utils.WebSecurityConfig.authenticationManagerBean())
2022-07-19 09:22:30.636  INFO 6220 --- [restartedMain] c.s.vendorportal.aspect.LoggingConfig    : executing execution(PasswordEncoder com.smartech.vendorportal.utils.WebSecurityConfig.passwordEncoder())
2022-07-19 09:22:30.637  INFO 6220 --- [restartedMain] c.s.vendorportal.aspect.LoggingConfig    : Complete execution of execution(PasswordEncoder com.smartech.vendorportal.utils.WebSecurityConfig.passwordEncoder())
2022-07-19 09:22:31.236  INFO 6220 --- [restartedMain] c.s.vendorportal.aspect.LoggingConfig    : executing execution(CorsConfigurationSource com.smartech.vendorportal.utils.WebSecurityConfig.corsConfigurationSource())
2022-07-19 09:22:31.249  INFO 6220 --- [restartedMain] c.s.vendorportal.aspect.LoggingConfig    : Complete execution of execution(CorsConfigurationSource com.smartech.vendorportal.utils.WebSecurityConfig.corsConfigurationSource())
2022-07-19 09:22:31.268  INFO 6220 --- [restartedMain] o.s.s.web.DefaultSecurityFilterChain     : Will not secure any request
2022-07-19 09:22:32.098  INFO 6220 --- [restartedMain] o.s.b.d.a.OptionalLiveReloadServer       : LiveReload server is running on port 35729
2022-07-19 09:22:32.171  INFO 6220 --- [restartedMain] o.s.b.w.embedded.tomcat.TomcatWebServer  : Tomcat started on port(s): 8080 (http) with context path ''
2022-07-19 09:22:32.184  INFO 6220 --- [restartedMain] c.s.v.VendorPortalApplication            : Started VendorPortalApplication in 8.829 seconds (JVM running for 10.119)
2022-07-19 09:23:31.032  INFO 6220 --- [http-nio-8080-exec-1] o.a.c.c.C.[Tomcat].[localhost].[/]       : Initializing Spring DispatcherServlet 'dispatcherServlet'
2022-07-19 09:23:31.033  INFO 6220 --- [http-nio-8080-exec-1] o.s.web.servlet.DispatcherServlet        : Initializing Servlet 'dispatcherServlet'
2022-07-19 09:23:31.035  INFO 6220 --- [http-nio-8080-exec-1] o.s.web.servlet.DispatcherServlet        : Completed initialization in 2 ms
2022-07-19 09:23:31.127  INFO 6220 --- [http-nio-8080-exec-1] c.s.vendorportal.aspect.LoggingConfig    : executing execution(Long com.smartech.vendorportal.controllers.AuthController.getNumberofRequests())
2022-07-19 09:23:31.134  INFO 6220 --- [http-nio-8080-exec-1] c.s.vendorportal.aspect.LoggingConfig    : executing execution(Long com.smartech.vendorportal.services.RequestUpdateProfileServiceImpl.numberofRequest())
2022-07-19 09:23:31.140  INFO 6220 --- [http-nio-8080-exec-1] c.s.vendorportal.aspect.LoggingConfig    : executing execution(long org.springframework.data.repository.CrudRepository.count())
2022-07-19 09:23:31.186  INFO 6220 --- [http-nio-8080-exec-1] c.s.vendorportal.aspect.LoggingConfig    : Complete execution of execution(long org.springframework.data.repository.CrudRepository.count())
2022-07-19 09:23:31.187  INFO 6220 --- [http-nio-8080-exec-1] c.s.vendorportal.aspect.LoggingConfig    : Complete execution of execution(Long com.smartech.vendorportal.services.RequestUpdateProfileServiceImpl.numberofRequest())
2022-07-19 09:23:31.187  INFO 6220 --- [http-nio-8080-exec-1] c.s.vendorportal.aspect.LoggingConfig    : Complete execution of execution(Long com.smartech.vendorportal.controllers.AuthController.getNumberofRequests())
2022-07-19 09:25:03.364  INFO 6220 --- [http-nio-8080-exec-3] c.s.vendorportal.aspect.LoggingConfig    : executing execution(Long com.smartech.vendorportal.controllers.AuthController.getNumberofRequests())
2022-07-19 09:25:03.365  INFO 6220 --- [http-nio-8080-exec-3] c.s.vendorportal.aspect.LoggingConfig    : executing execution(Long com.smartech.vendorportal.services.RequestUpdateProfileServiceImpl.numberofRequest())
2022-07-19 09:25:03.366  INFO 6220 --- [http-nio-8080-exec-3] c.s.vendorportal.aspect.LoggingConfig    : executing execution(long org.springframework.data.repository.CrudRepository.count())
2022-07-19 09:25:03.369  INFO 6220 --- [http-nio-8080-exec-3] c.s.vendorportal.aspect.LoggingConfig    : Complete execution of execution(long org.springframework.data.repository.CrudRepository.count())
2022-07-19 09:25:03.369  INFO 6220 --- [http-nio-8080-exec-3] c.s.vendorportal.aspect.LoggingConfig    : Complete execution of execution(Long com.smartech.vendorportal.services.RequestUpdateProfileServiceImpl.numberofRequest())
2022-07-19 09:25:03.369  INFO 6220 --- [http-nio-8080-exec-3] c.s.vendorportal.aspect.LoggingConfig    : Complete execution of execution(Long com.smartech.vendorportal.controllers.AuthController.getNumberofRequests())
2022-07-19 09:25:17.721  INFO 6220 --- [http-nio-8080-exec-4] c.s.vendorportal.aspect.LoggingConfig    : executing execution(ResponseEntity com.smartech.vendorportal.controllers.AuthController.processForgotPassword(String,String))
2022-07-19 09:25:17.729  INFO 6220 --- [http-nio-8080-exec-4] c.s.vendorportal.aspect.LoggingConfig    : executing execution(void com.smartech.vendorportal.services.UserControlImpl.updateResetPasswordToken(String,String))
2022-07-19 09:25:17.745  INFO 6220 --- [http-nio-8080-exec-4] c.s.vendorportal.aspect.LoggingConfig    : executing execution(User com.smartech.vendorportal.repositories.UserRepository.findByEmail(String))
2022-07-19 09:25:17.777  INFO 6220 --- [http-nio-8080-exec-4] c.s.vendorportal.aspect.LoggingConfig    : Complete execution of execution(User com.smartech.vendorportal.repositories.UserRepository.findByEmail(String))
2022-07-19 09:25:17.779  INFO 6220 --- [http-nio-8080-exec-4] c.s.vendorportal.aspect.LoggingConfig    : executing execution(void org.springframework.data.repository.CrudRepository.delete(Object))
2022-07-19 09:25:17.834  INFO 6220 --- [http-nio-8080-exec-4] c.s.vendorportal.aspect.LoggingConfig    : Complete execution of execution(void org.springframework.data.repository.CrudRepository.delete(Object))
2022-07-19 09:25:17.835  INFO 6220 --- [http-nio-8080-exec-4] c.s.vendorportal.aspect.LoggingConfig    : executing execution(Object org.springframework.data.repository.CrudRepository.save(Object))
2022-07-19 09:25:17.897  INFO 6220 --- [http-nio-8080-exec-4] c.s.vendorportal.aspect.LoggingConfig    : Complete execution of execution(Object org.springframework.data.repository.CrudRepository.save(Object))
2022-07-19 09:25:17.897  INFO 6220 --- [http-nio-8080-exec-4] c.s.vendorportal.aspect.LoggingConfig    : Complete execution of execution(void com.smartech.vendorportal.services.UserControlImpl.updateResetPasswordToken(String,String))
2022-07-19 09:25:17.897  INFO 6220 --- [http-nio-8080-exec-4] c.s.vendorportal.aspect.LoggingConfig    : executing execution(void com.smartech.vendorportal.services.UtilitiesImpl.sendEmail(String,String))
2022-07-19 09:25:19.810  INFO 6220 --- [http-nio-8080-exec-4] c.s.vendorportal.aspect.LoggingConfig    : Complete execution of execution(void com.smartech.vendorportal.services.UtilitiesImpl.sendEmail(String,String))
2022-07-19 09:25:19.813  INFO 6220 --- [http-nio-8080-exec-4] c.s.vendorportal.aspect.LoggingConfig    : Complete execution of execution(ResponseEntity com.smartech.vendorportal.controllers.AuthController.processForgotPassword(String,String))
2022-07-19 09:25:57.958  INFO 6220 --- [http-nio-8080-exec-5] c.s.vendorportal.aspect.LoggingConfig    : executing execution(Long com.smartech.vendorportal.controllers.AuthController.getNumberofRequests())
2022-07-19 09:25:57.959  INFO 6220 --- [http-nio-8080-exec-5] c.s.vendorportal.aspect.LoggingConfig    : executing execution(Long com.smartech.vendorportal.services.RequestUpdateProfileServiceImpl.numberofRequest())
2022-07-19 09:25:57.959  INFO 6220 --- [http-nio-8080-exec-5] c.s.vendorportal.aspect.LoggingConfig    : executing execution(long org.springframework.data.repository.CrudRepository.count())
2022-07-19 09:25:57.963  INFO 6220 --- [http-nio-8080-exec-5] c.s.vendorportal.aspect.LoggingConfig    : Complete execution of execution(long org.springframework.data.repository.CrudRepository.count())
2022-07-19 09:25:57.963  INFO 6220 --- [http-nio-8080-exec-5] c.s.vendorportal.aspect.LoggingConfig    : Complete execution of execution(Long com.smartech.vendorportal.services.RequestUpdateProfileServiceImpl.numberofRequest())
2022-07-19 09:25:57.964  INFO 6220 --- [http-nio-8080-exec-5] c.s.vendorportal.aspect.LoggingConfig    : Complete execution of execution(Long com.smartech.vendorportal.controllers.AuthController.getNumberofRequests())
2022-07-19 09:29:14.652  INFO 6220 --- [http-nio-8080-exec-7] c.s.vendorportal.aspect.LoggingConfig    : executing execution(Long com.smartech.vendorportal.controllers.AuthController.getNumberofRequests())
2022-07-19 09:29:14.653  INFO 6220 --- [http-nio-8080-exec-7] c.s.vendorportal.aspect.LoggingConfig    : executing execution(Long com.smartech.vendorportal.services.RequestUpdateProfileServiceImpl.numberofRequest())
2022-07-19 09:29:14.654  INFO 6220 --- [http-nio-8080-exec-7] c.s.vendorportal.aspect.LoggingConfig    : executing execution(long org.springframework.data.repository.CrudRepository.count())
2022-07-19 09:29:14.658  INFO 6220 --- [http-nio-8080-exec-7] c.s.vendorportal.aspect.LoggingConfig    : Complete execution of execution(long org.springframework.data.repository.CrudRepository.count())
2022-07-19 09:29:14.659  INFO 6220 --- [http-nio-8080-exec-7] c.s.vendorportal.aspect.LoggingConfig    : Complete execution of execution(Long com.smartech.vendorportal.services.RequestUpdateProfileServiceImpl.numberofRequest())
2022-07-19 09:29:14.659  INFO 6220 --- [http-nio-8080-exec-7] c.s.vendorportal.aspect.LoggingConfig    : Complete execution of execution(Long com.smartech.vendorportal.controllers.AuthController.getNumberofRequests())
2022-07-19 09:29:14.778  INFO 6220 --- [http-nio-8080-exec-8] c.s.vendorportal.aspect.LoggingConfig    : executing execution(Long com.smartech.vendorportal.controllers.AuthController.getNumberofRequests())
2022-07-19 09:29:14.778  INFO 6220 --- [http-nio-8080-exec-8] c.s.vendorportal.aspect.LoggingConfig    : executing execution(Long com.smartech.vendorportal.services.RequestUpdateProfileServiceImpl.numberofRequest())
2022-07-19 09:29:14.778  INFO 6220 --- [http-nio-8080-exec-8] c.s.vendorportal.aspect.LoggingConfig    : executing execution(long org.springframework.data.repository.CrudRepository.count())
2022-07-19 09:29:14.782  INFO 6220 --- [http-nio-8080-exec-8] c.s.vendorportal.aspect.LoggingConfig    : Complete execution of execution(long org.springframework.data.repository.CrudRepository.count())
2022-07-19 09:29:14.782  INFO 6220 --- [http-nio-8080-exec-8] c.s.vendorportal.aspect.LoggingConfig    : Complete execution of execution(Long com.smartech.vendorportal.services.RequestUpdateProfileServiceImpl.numberofRequest())
2022-07-19 09:29:14.782  INFO 6220 --- [http-nio-8080-exec-8] c.s.vendorportal.aspect.LoggingConfig    : Complete execution of execution(Long com.smartech.vendorportal.controllers.AuthController.getNumberofRequests())
2022-07-19 09:29:47.801  INFO 6220 --- [http-nio-8080-exec-9] c.s.vendorportal.aspect.LoggingConfig    : executing execution(Long com.smartech.vendorportal.controllers.AuthController.getNumberofRequests())
2022-07-19 09:29:47.801  INFO 6220 --- [http-nio-8080-exec-9] c.s.vendorportal.aspect.LoggingConfig    : executing execution(Long com.smartech.vendorportal.services.RequestUpdateProfileServiceImpl.numberofRequest())
2022-07-19 09:29:47.802  INFO 6220 --- [http-nio-8080-exec-9] c.s.vendorportal.aspect.LoggingConfig    : executing execution(long org.springframework.data.repository.CrudRepository.count())
2022-07-19 09:29:47.805  INFO 6220 --- [http-nio-8080-exec-9] c.s.vendorportal.aspect.LoggingConfig    : Complete execution of execution(long org.springframework.data.repository.CrudRepository.count())
2022-07-19 09:29:47.806  INFO 6220 --- [http-nio-8080-exec-9] c.s.vendorportal.aspect.LoggingConfig    : Complete execution of execution(Long com.smartech.vendorportal.services.RequestUpdateProfileServiceImpl.numberofRequest())
2022-07-19 09:29:47.806  INFO 6220 --- [http-nio-8080-exec-9] c.s.vendorportal.aspect.LoggingConfig    : Complete execution of execution(Long com.smartech.vendorportal.controllers.AuthController.getNumberofRequests())
2022-07-19 09:29:47.957  INFO 6220 --- [http-nio-8080-exec-10] c.s.vendorportal.aspect.LoggingConfig    : executing execution(Long com.smartech.vendorportal.controllers.AuthController.getNumberofRequests())
2022-07-19 09:29:47.958  INFO 6220 --- [http-nio-8080-exec-10] c.s.vendorportal.aspect.LoggingConfig    : executing execution(Long com.smartech.vendorportal.services.RequestUpdateProfileServiceImpl.numberofRequest())
2022-07-19 09:29:47.958  INFO 6220 --- [http-nio-8080-exec-10] c.s.vendorportal.aspect.LoggingConfig    : executing execution(long org.springframework.data.repository.CrudRepository.count())
2022-07-19 09:29:47.960  INFO 6220 --- [http-nio-8080-exec-10] c.s.vendorportal.aspect.LoggingConfig    : Complete execution of execution(long org.springframework.data.repository.CrudRepository.count())
2022-07-19 09:29:47.961  INFO 6220 --- [http-nio-8080-exec-10] c.s.vendorportal.aspect.LoggingConfig    : Complete execution of execution(Long com.smartech.vendorportal.services.RequestUpdateProfileServiceImpl.numberofRequest())
2022-07-19 09:29:47.961  INFO 6220 --- [http-nio-8080-exec-10] c.s.vendorportal.aspect.LoggingConfig    : Complete execution of execution(Long com.smartech.vendorportal.controllers.AuthController.getNumberofRequests())
2022-07-19 09:30:08.988  INFO 6220 --- [http-nio-8080-exec-1] c.s.vendorportal.aspect.LoggingConfig    : executing execution(ResponseEntity com.smartech.vendorportal.controllers.AuthController.changePassword(String,String))
2022-07-19 09:30:08.988  INFO 6220 --- [http-nio-8080-exec-1] c.s.vendorportal.aspect.LoggingConfig    : executing execution(void com.smartech.vendorportal.services.UserControlImpl.updatePassword(String,String))
2022-07-19 09:30:08.989  INFO 6220 --- [http-nio-8080-exec-1] c.s.vendorportal.aspect.LoggingConfig    : executing execution(User com.smartech.vendorportal.repositories.UserRepository.findByResetPasswordToken(String))
2022-07-19 09:30:09.013  INFO 6220 --- [http-nio-8080-exec-1] c.s.vendorportal.aspect.LoggingConfig    : Complete execution of execution(User com.smartech.vendorportal.repositories.UserRepository.findByResetPasswordToken(String))
2022-07-19 09:30:09.136  INFO 6220 --- [http-nio-8080-exec-1] c.s.vendorportal.aspect.LoggingConfig    : executing execution(Object org.springframework.data.repository.CrudRepository.save(Object))
2022-07-19 09:30:09.145  INFO 6220 --- [http-nio-8080-exec-1] c.s.vendorportal.aspect.LoggingConfig    : Complete execution of execution(Object org.springframework.data.repository.CrudRepository.save(Object))
2022-07-19 09:30:09.146  INFO 6220 --- [http-nio-8080-exec-1] c.s.vendorportal.aspect.LoggingConfig    : Complete execution of execution(void com.smartech.vendorportal.services.UserControlImpl.updatePassword(String,String))
2022-07-19 09:30:09.146  INFO 6220 --- [http-nio-8080-exec-1] c.s.vendorportal.aspect.LoggingConfig    : Complete execution of execution(ResponseEntity com.smartech.vendorportal.controllers.AuthController.changePassword(String,String))
2022-07-19 09:31:12.716  INFO 6220 --- [http-nio-8080-exec-3] c.s.vendorportal.aspect.LoggingConfig    : executing execution(Long com.smartech.vendorportal.controllers.AuthController.getNumberofRequests())
2022-07-19 09:31:12.717  INFO 6220 --- [http-nio-8080-exec-3] c.s.vendorportal.aspect.LoggingConfig    : executing execution(Long com.smartech.vendorportal.services.RequestUpdateProfileServiceImpl.numberofRequest())
2022-07-19 09:31:12.717  INFO 6220 --- [http-nio-8080-exec-3] c.s.vendorportal.aspect.LoggingConfig    : executing execution(long org.springframework.data.repository.CrudRepository.count())
2022-07-19 09:31:12.721  INFO 6220 --- [http-nio-8080-exec-3] c.s.vendorportal.aspect.LoggingConfig    : Complete execution of execution(long org.springframework.data.repository.CrudRepository.count())
2022-07-19 09:31:12.722  INFO 6220 --- [http-nio-8080-exec-3] c.s.vendorportal.aspect.LoggingConfig    : Complete execution of execution(Long com.smartech.vendorportal.services.RequestUpdateProfileServiceImpl.numberofRequest())
2022-07-19 09:31:12.722  INFO 6220 --- [http-nio-8080-exec-3] c.s.vendorportal.aspect.LoggingConfig    : Complete execution of execution(Long com.smartech.vendorportal.controllers.AuthController.getNumberofRequests())
2022-07-19 09:31:12.728  INFO 6220 --- [http-nio-8080-exec-4] c.s.vendorportal.aspect.LoggingConfig    : executing execution(Long com.smartech.vendorportal.controllers.AuthController.getNumberofRequests())
2022-07-19 09:31:12.728  INFO 6220 --- [http-nio-8080-exec-4] c.s.vendorportal.aspect.LoggingConfig    : executing execution(Long com.smartech.vendorportal.services.RequestUpdateProfileServiceImpl.numberofRequest())
2022-07-19 09:31:12.728  INFO 6220 --- [http-nio-8080-exec-4] c.s.vendorportal.aspect.LoggingConfig    : executing execution(long org.springframework.data.repository.CrudRepository.count())
2022-07-19 09:31:12.731  INFO 6220 --- [http-nio-8080-exec-4] c.s.vendorportal.aspect.LoggingConfig    : Complete execution of execution(long org.springframework.data.repository.CrudRepository.count())
2022-07-19 09:31:12.732  INFO 6220 --- [http-nio-8080-exec-4] c.s.vendorportal.aspect.LoggingConfig    : Complete execution of execution(Long com.smartech.vendorportal.services.RequestUpdateProfileServiceImpl.numberofRequest())
2022-07-19 09:31:12.732  INFO 6220 --- [http-nio-8080-exec-4] c.s.vendorportal.aspect.LoggingConfig    : Complete execution of execution(Long com.smartech.vendorportal.controllers.AuthController.getNumberofRequests())
2022-07-19 09:31:41.601  INFO 6220 --- [http-nio-8080-exec-5] c.s.vendorportal.aspect.LoggingConfig    : executing execution(ResponseEntity com.smartech.vendorportal.controllers.AuthController.changePassword(String,String))
2022-07-19 09:31:41.602  INFO 6220 --- [http-nio-8080-exec-5] c.s.vendorportal.aspect.LoggingConfig    : executing execution(void com.smartech.vendorportal.services.UserControlImpl.updatePassword(String,String))
2022-07-19 09:31:41.603  INFO 6220 --- [http-nio-8080-exec-5] c.s.vendorportal.aspect.LoggingConfig    : executing execution(User com.smartech.vendorportal.repositories.UserRepository.findByResetPasswordToken(String))
2022-07-19 09:31:41.607  INFO 6220 --- [http-nio-8080-exec-5] c.s.vendorportal.aspect.LoggingConfig    : Complete execution of execution(User com.smartech.vendorportal.repositories.UserRepository.findByResetPasswordToken(String))
2022-07-19 09:31:41.726  INFO 6220 --- [http-nio-8080-exec-5] c.s.vendorportal.aspect.LoggingConfig    : executing execution(Object org.springframework.data.repository.CrudRepository.save(Object))
